[debug] [2022-03-31T19:14:39.637Z] ----------------------------------------------------------------------
[debug] [2022-03-31T19:14:39.644Z] Command:       C:\Program Files\nodejs\node.exe C:\Users\barte\AppData\Roaming\npm\node_modules\firebase-tools\lib\bin\firebase.js init
[debug] [2022-03-31T19:14:39.646Z] CLI Version:   10.5.0
[debug] [2022-03-31T19:14:39.646Z] Platform:      win32
[debug] [2022-03-31T19:14:39.647Z] Node Version:  v16.13.1
[debug] [2022-03-31T19:14:39.650Z] Time:          Thu Mar 31 2022 21:14:39 GMT+0200 (czas środkowoeuropejski letni)
[debug] [2022-03-31T19:14:39.651Z] ----------------------------------------------------------------------
[debug] 
[debug] [2022-03-31T19:14:39.679Z] > command requires scopes: ["email","openid","https://www.googleapis.com/auth/cloudplatformprojects.readonly","https://www.googleapis.com/auth/firebase","https://www.googleapis.com/auth/cloud-platform"]
[debug] [2022-03-31T19:14:39.680Z] > authorizing via signed-in user (bartlomiejlesniewski00@gmail.com)
[info] 
     ######## #### ########  ######## ########     ###     ######  ########
     ##        ##  ##     ## ##       ##     ##  ##   ##  ##       ##
     ######    ##  ########  ######   ########  #########  ######  ######
     ##        ##  ##    ##  ##       ##     ## ##     ##       ## ##
     ##       #### ##     ## ######## ########  ##     ##  ######  ########

You're about to initialize a Firebase project in this directory:

  C:\Users\barte\Desktop\Nowy folder (2)\pokedex

[debug] [2022-04-01T16:06:25.064Z] Error: kill ENOSYS
    at process.kill (node:internal/process/per_thread:215:13)
    at process.listener (C:\Users\barte\AppData\Roaming\npm\node_modules\firebase-tools\node_modules\signal-exit\index.js:95:15)
    at process.emit (node:events:390:28)
[error] 
[error] Error: An unexpected error has occurred.
